<?xml version="1.0" encoding="utf-8"?><testsuites name="pytest tests"><testsuite name="pytest" errors="0" failures="0" skipped="0" tests="5" time="1.846" timestamp="2026-03-03T18:48:49.197937+00:00" hostname="agent-env-59912581-00be-4196-b862-b4f2a6518f23"><testcase classname="backend.tests.test_delete_questionnaire.TestDeleteQuestionnaire" name="test_delete_questionnaire_success" time="1.010" /><testcase classname="backend.tests.test_delete_questionnaire.TestDeleteQuestionnaire" name="test_delete_questionnaire_not_found" time="0.124" /><testcase classname="backend.tests.test_delete_questionnaire.TestDeleteQuestionnaire" name="test_delete_questionnaire_invalid_id" time="0.113" /><testcase classname="backend.tests.test_delete_questionnaire.TestDeleteQuestionnaire" name="test_deleted_questionnaire_no_longer_in_list" time="0.336" /><testcase classname="backend.tests.test_delete_questionnaire.TestDeleteQuestionnaire" name="test_delete_requires_auth" time="0.104" /></testsuite></testsuites>