<?xml version="1.0" encoding="utf-8"?><testsuites name="pytest tests"><testsuite name="pytest" errors="0" failures="1" skipped="0" tests="15" time="6.689" timestamp="2026-03-03T13:18:58.081359+00:00" hostname="agent-env-59912581-00be-4196-b862-b4f2a6518f23"><testcase classname="backend.tests.test_answeriq.TestHealthAndRoot" name="test_root_returns_message" time="0.251" /><testcase classname="backend.tests.test_answeriq.TestAuth" name="test_register_new_user" time="0.497" /><testcase classname="backend.tests.test_answeriq.TestAuth" name="test_register_duplicate_email" time="0.390"><failure message="assert 200 == 400&#10; +  where 200 = &lt;Response [200]&gt;.status_code">backend/tests/test_answeriq.py:64: in test_register_duplicate_email
    assert resp.status_code == 400
E   assert 200 == 400
E    +  where 200 = &lt;Response [200]&gt;.status_code</failure></testcase><testcase classname="backend.tests.test_answeriq.TestAuth" name="test_login_success" time="0.372" /><testcase classname="backend.tests.test_answeriq.TestAuth" name="test_login_invalid_credentials" time="0.367" /><testcase classname="backend.tests.test_answeriq.TestAuth" name="test_get_me" time="0.429" /><testcase classname="backend.tests.test_answeriq.TestDocuments" name="test_list_documents" time="0.103" /><testcase classname="backend.tests.test_answeriq.TestDocuments" name="test_upload_txt_document" time="0.196" /><testcase classname="backend.tests.test_answeriq.TestDocuments" name="test_upload_and_delete_document" time="0.245" /><testcase classname="backend.tests.test_answeriq.TestDocuments" name="test_upload_unsupported_file_type" time="0.119" /><testcase classname="backend.tests.test_answeriq.TestQuestionnaires" name="test_list_questionnaires" time="0.128" /><testcase classname="backend.tests.test_answeriq.TestQuestionnaires" name="test_upload_questionnaire" time="0.189" /><testcase classname="backend.tests.test_answeriq.TestQuestionnaires" name="test_get_questionnaire" time="0.210" /><testcase classname="backend.tests.test_answeriq.TestQuestionnaires" name="test_process_questionnaire" time="0.362" /><testcase classname="backend.tests.test_answeriq.TestQuestionnaires" name="test_process_no_docs_fails" time="2.635" /></testsuite></testsuites>